Jan 27, 2023 1:23:17 AM com.samisezgin.finalproject.service.impl.BookingServiceImpl changePaymentStatus
INFO: BookingService -> changePaymentStatus done.
Jan 27, 2023 1:23:17 AM com.samisezgin.finalproject.controller.BookingController processPayment
INFO: BookingController POST request -> processPayment :qwerqwet
Jan 28, 2023 1:34:42 AM com.samisezgin.finalproject.controller.VoyageController create
INFO: VoyageController POST request -> createVoyage :string->string
Jan 28, 2023 1:34:42 AM com.samisezgin.finalproject.service.impl.VoyageServiceImpl create
INFO: VoyageService -> createVoyage : string->string->2023-01-26 21:00
Jan 28, 2023 1:35:26 AM com.samisezgin.finalproject.controller.VoyageController create
INFO: VoyageController POST request -> createVoyage :string->string
Jan 28, 2023 1:35:26 AM com.samisezgin.finalproject.service.impl.VoyageServiceImpl create
INFO: VoyageService -> createVoyage : string->string->2023-01-26 21:00
Jan 28, 2023 1:51:52 AM com.samisezgin.finalproject.controller.VoyageController create
INFO: VoyageController POST request -> createVoyage :string->string
Jan 28, 2023 1:51:52 AM com.samisezgin.finalproject.service.impl.VoyageServiceImpl create
INFO: VoyageService -> createVoyage : string->string->2023-01-26 21:00
Jan 28, 2023 9:19:22 PM com.samisezgin.finalproject.controller.VoyageController create
INFO: VoyageController POST request -> createVoyage :string->string
Jan 28, 2023 9:19:40 PM com.samisezgin.finalproject.service.impl.VoyageServiceImpl create
INFO: VoyageService -> createVoyage : string->string->2023-01-31 21:00
Jan 28, 2023 9:49:28 PM com.samisezgin.finalproject.controller.BookingController create
INFO: BookingController POST request -> createBooking :user
Jan 29, 2023 7:56:29 PM com.samisezgin.finalproject.controller.BookingController create
INFO: BookingController POST request -> createBooking :admin
Jan 29, 2023 7:56:29 PM com.samisezgin.finalproject.service.impl.BookingServiceImpl create
INFO: BookingService -> createBooking done. admin---ankara->istanbul->2023-01-31 21:00
Jan 29, 2023 7:56:57 PM com.samisezgin.finalproject.controller.BookingController processPayment
INFO: BookingController POST request -> processPayment :EFT
Jan 29, 2023 7:57:17 PM com.samisezgin.finalproject.controller.BookingController processPayment
INFO: BookingController POST request -> processPayment :EFT
Jan 29, 2023 7:57:17 PM com.samisezgin.finalproject.service.impl.BookingServiceImpl changePaymentStatus
INFO: BookingService -> changePaymentStatus done.
Jan 29, 2023 7:57:36 PM com.samisezgin.finalproject.controller.BookingController processPayment
INFO: BookingController POST request -> processPayment :EFT
Jan 29, 2023 7:57:36 PM com.samisezgin.finalproject.service.impl.BookingServiceImpl changePaymentStatus
INFO: BookingService -> changePaymentStatus done.
Jan 29, 2023 7:57:44 PM com.samisezgin.finalproject.controller.BookingController processPayment
INFO: BookingController POST request -> processPayment :EFT
Jan 29, 2023 7:57:44 PM com.samisezgin.finalproject.service.impl.BookingServiceImpl changePaymentStatus
INFO: BookingService -> changePaymentStatus done.
Jan 29, 2023 7:58:40 PM com.samisezgin.finalproject.controller.BookingController create
INFO: BookingController POST request -> createBooking :admin
Jan 29, 2023 7:58:40 PM com.samisezgin.finalproject.service.impl.BookingServiceImpl create
INFO: BookingService -> createBooking done. admin---ankara->istanbul->2023-01-31 21:00
Jan 29, 2023 7:58:57 PM com.samisezgin.finalproject.controller.BookingController create
INFO: BookingController POST request -> createBooking :admin
Jan 29, 2023 7:58:57 PM com.samisezgin.finalproject.service.impl.BookingServiceImpl create
INFO: BookingService -> createBooking done. admin---ankara->istanbul->2023-01-31 21:00
Jan 31, 2023 1:25:56 AM com.samisezgin.finalproject.controller.BookingController create
INFO: BookingController POST request -> createBooking :admin
Jan 31, 2023 1:25:56 AM com.samisezgin.finalproject.service.impl.BookingServiceImpl create
INFO: BookingService -> createBooking done. admin---ankara->istanbul->2023-01-31 21:00
Jan 31, 2023 1:27:10 AM com.samisezgin.finalproject.controller.BookingController processPayment
INFO: BookingController POST request -> processPayment :EFT
Jan 31, 2023 1:27:10 AM com.samisezgin.finalproject.service.impl.BookingServiceImpl changePaymentStatus
INFO: BookingService -> changePaymentStatus done.
Jan 31, 2023 1:30:13 AM com.samisezgin.finalproject.controller.BookingController processPayment
INFO: BookingController POST request -> processPayment :EFT
Jan 31, 2023 1:30:13 AM com.samisezgin.finalproject.service.impl.BookingServiceImpl changePaymentStatus
INFO: BookingService -> changePaymentStatus done.
Jan 31, 2023 1:33:12 AM com.samisezgin.finalproject.controller.BookingController processPayment
INFO: BookingController POST request -> processPayment :EFT
Jan 31, 2023 1:33:12 AM com.samisezgin.finalproject.client.PaymentServiceClient processPayment
INFO: You have already purchased the tickets. No need to pay more.
